The flag 'directory' used in rule all is only valid for outputs, not inputs.
Building DAG of jobs...
Using shell: /bin/bash
Provided cores: 4
Rules claiming more threads will be scaled down.
Job stats:
job                  count
-----------------  -------
align_reads              6
all                      1
count_features           6
star_genome_index        1
trim_adapters            2
total                   16

Select jobs to execute...

[Sat Mar 29 12:41:06 2025]
rule trim_adapters:
    input: data/raw_fastq/Control3.fastq.gz
    output: results/trimmed/Control3.fastq.gz
    jobid: 6
    reason: Missing output files: results/trimmed/Control3.fastq.gz
    wildcards: sample=Control3
    resources: tmpdir=/var/folders/_b/1v1j8kq531344z5ds828zm6c0000gn/T


[Sat Mar 29 12:41:06 2025]
rule star_genome_index:
    input: /Users/jasmu/tumor_mirna/references/genome/GRCh38.primary_assembly.genome.fa, /Users/jasmu/tumor_mirna/references/annotations/hsa.gtf
    output: results/STAR/index
    jobid: 7
    reason: Forced execution
    resources: tmpdir=/var/folders/_b/1v1j8kq531344z5ds828zm6c0000gn/T


[Sat Mar 29 12:41:06 2025]
rule trim_adapters:
    input: data/raw_fastq/Tumor2.fastq.gz
    output: results/trimmed/Tumor2.fastq.gz
    jobid: 2
    reason: Missing output files: results/trimmed/Tumor2.fastq.gz
    wildcards: sample=Tumor2
    resources: tmpdir=/var/folders/_b/1v1j8kq531344z5ds828zm6c0000gn/T


[Sat Mar 29 12:41:06 2025]
rule align_reads:
    input: results/trimmed/Control1.fastq.gz
    output: results/STAR/Control1_Aligned.sortedByCoord.out.bam
    jobid: 11
    reason: Missing output files: results/STAR/Control1_Aligned.sortedByCoord.out.bam
    wildcards: sample=Control1
    resources: tmpdir=/var/folders/_b/1v1j8kq531344z5ds828zm6c0000gn/T

[Sat Mar 29 12:41:07 2025]
Error in rule align_reads:
    jobid: 11
    input: results/trimmed/Control1.fastq.gz
    output: results/STAR/Control1_Aligned.sortedByCoord.out.bam
    shell:
        
        STAR --runThreadN 4         --genomeDir results/genome_index         --readFilesIn results/trimmed/Control1.fastq.gz         --outFileNamePrefix results/STAR/Control1_         --outSAMtype BAM SortedByCoordinate
        
        (one of the commands exited with non-zero exit code; note that snakemake uses bash strict mode!)

Removing output files of failed job align_reads since they might be corrupted:
results/STAR/Control1_Aligned.sortedByCoord.out.bam
[Sat Mar 29 12:41:36 2025]
Finished job 2.
1 of 16 steps (6%) done
[Sat Mar 29 12:41:39 2025]
Finished job 6.
2 of 16 steps (12%) done
[Sun Mar 30 12:33:49 2025]
Finished job 7.
3 of 16 steps (19%) done
Shutting down, this might take some time.
Exiting because a job execution failed. Look above for error message
Complete log: .snakemake/log/2025-03-29T124106.274663.snakemake.log
