The flag 'directory' used in rule all is only valid for outputs, not inputs.
Building DAG of jobs...
Using shell: /bin/bash
Provided cores: 8
Rules claiming more threads will be scaled down.
Job stats:
job                  count
-----------------  -------
align_reads              6
all                      1
count_features           6
star_genome_index        1
trim_adapters            4
total                   18

Select jobs to execute...

[Wed Mar 26 22:40:24 2025]
rule align_reads:
    input: results/trimmed/Tumor2.fastq
    output: results/STAR/Tumor2_Aligned.sortedByCoord.out.bam
    jobid: 9
    reason: Missing output files: results/STAR/Tumor2_Aligned.sortedByCoord.out.bam
    wildcards: sample=Tumor2
    threads: 8
    resources: tmpdir=/var/folders/_b/1v1j8kq531344z5ds828zm6c0000gn/T

[Wed Mar 26 22:40:24 2025]
Error in rule align_reads:
    jobid: 9
    input: results/trimmed/Tumor2.fastq
    output: results/STAR/Tumor2_Aligned.sortedByCoord.out.bam
    shell:
        STAR --runThreadN 8 --genomeDir results/STAR/index         --readFilesIn results/trimmed/Tumor2.fastq --readFilesCommand zcat         --outFileNamePrefix results/STAR/Tumor2_ --outSAMtype BAM SortedByCoordinate
        (one of the commands exited with non-zero exit code; note that snakemake uses bash strict mode!)

Shutting down, this might take some time.
Exiting because a job execution failed. Look above for error message
Complete log: .snakemake/log/2025-03-26T224024.105159.snakemake.log
