The flag 'directory' used in rule all is only valid for outputs, not inputs.
Building DAG of jobs...
Using shell: /bin/bash
Provided cores: 2
Rules claiming more threads will be scaled down.
Job stats:
job               count
--------------  -------
align_reads           6
all                   1
count_features        6
total                13

Select jobs to execute...

[Mon Mar 31 00:29:18 2025]
rule align_reads:
    input: results/trimmed/Tumor2.fastq.gz
    output: results/STAR/Tumor2_Aligned.sortedByCoord.out.bam
    jobid: 9
    reason: Missing output files: results/STAR/Tumor2_Aligned.sortedByCoord.out.bam
    wildcards: sample=Tumor2
    resources: tmpdir=/var/folders/_b/1v1j8kq531344z5ds828zm6c0000gn/T


[Mon Mar 31 00:29:18 2025]
rule align_reads:
    input: results/trimmed/Control1.fastq.gz
    output: results/STAR/Control1_Aligned.sortedByCoord.out.bam
    jobid: 11
    reason: Missing output files: results/STAR/Control1_Aligned.sortedByCoord.out.bam
    wildcards: sample=Control1
    resources: tmpdir=/var/folders/_b/1v1j8kq531344z5ds828zm6c0000gn/T

[Mon Mar 31 00:29:18 2025]
Error in rule align_reads:
    jobid: 9
    input: results/trimmed/Tumor2.fastq.gz
    output: results/STAR/Tumor2_Aligned.sortedByCoord.out.bam
    shell:
        
        STAR --runThreadN 2         --genomeDir results/index         --readFilesIn results/trimmed/Tumor2.fastq.gz         --outFileNamePrefix results/STAR/Tumor2_         --outSAMtype BAM SortedByCoordinate
        
        (one of the commands exited with non-zero exit code; note that snakemake uses bash strict mode!)

Removing output files of failed job align_reads since they might be corrupted:
results/STAR/Tumor2_Aligned.sortedByCoord.out.bam
[Mon Mar 31 00:29:18 2025]
Error in rule align_reads:
    jobid: 11
    input: results/trimmed/Control1.fastq.gz
    output: results/STAR/Control1_Aligned.sortedByCoord.out.bam
    shell:
        
        STAR --runThreadN 2         --genomeDir results/index         --readFilesIn results/trimmed/Control1.fastq.gz         --outFileNamePrefix results/STAR/Control1_         --outSAMtype BAM SortedByCoordinate
        
        (one of the commands exited with non-zero exit code; note that snakemake uses bash strict mode!)

Removing output files of failed job align_reads since they might be corrupted:
results/STAR/Control1_Aligned.sortedByCoord.out.bam
Shutting down, this might take some time.
Exiting because a job execution failed. Look above for error message
Complete log: .snakemake/log/2025-03-31T002917.429733.snakemake.log
