The flag 'directory' used in rule all is only valid for outputs, not inputs.
Building DAG of jobs...
Using shell: /bin/bash
Provided cores: 4
Rules claiming more threads will be scaled down.
Job stats:
job                  count
-----------------  -------
align_reads              6
all                      1
count_features           6
star_genome_index        1
trim_adapters            4
total                   18

Select jobs to execute...

[Wed Mar 26 22:52:20 2025]
rule trim_adapters:
    input: data/raw_fastq/Control3.fastq
    output: results/trimmed/Control3.fastq
    jobid: 6
    reason: Missing output files: results/trimmed/Control3.fastq
    wildcards: sample=Control3
    resources: tmpdir=/var/folders/_b/1v1j8kq531344z5ds828zm6c0000gn/T


[Wed Mar 26 22:52:20 2025]
rule align_reads:
    input: results/trimmed/Tumor1.fastq
    output: results/STAR/Tumor1_Aligned.sortedByCoord.out.bam
    jobid: 8
    reason: Missing output files: results/STAR/Tumor1_Aligned.sortedByCoord.out.bam
    wildcards: sample=Tumor1
    resources: tmpdir=/var/folders/_b/1v1j8kq531344z5ds828zm6c0000gn/T


[Wed Mar 26 22:52:20 2025]
rule trim_adapters:
    input: data/raw_fastq/Tumor3.fastq
    output: results/trimmed/Tumor3.fastq
    jobid: 3
    reason: Missing output files: results/trimmed/Tumor3.fastq
    wildcards: sample=Tumor3
    resources: tmpdir=/var/folders/_b/1v1j8kq531344z5ds828zm6c0000gn/T


[Wed Mar 26 22:52:20 2025]
rule trim_adapters:
    input: data/raw_fastq/Control1.fastq
    output: results/trimmed/Control1.fastq
    jobid: 4
    reason: Missing output files: results/trimmed/Control1.fastq
    wildcards: sample=Control1
    resources: tmpdir=/var/folders/_b/1v1j8kq531344z5ds828zm6c0000gn/T

[Wed Mar 26 22:52:20 2025]
Error in rule align_reads:
    jobid: 8
    input: results/trimmed/Tumor1.fastq
    output: results/STAR/Tumor1_Aligned.sortedByCoord.out.bam
    shell:
        STAR --runThreadN 8 --genomeDir results/STAR/index --readFilesIn results/trimmed/Tumor1.fastq --outFileNamePrefix results/STAR/Tumor1_ --outSAMtype BAM SortedByCoordinate
        (one of the commands exited with non-zero exit code; note that snakemake uses bash strict mode!)

[Wed Mar 26 22:52:46 2025]
Finished job 6.
1 of 18 steps (6%) done
[Wed Mar 26 22:52:47 2025]
Finished job 3.
2 of 18 steps (11%) done
[Wed Mar 26 22:52:52 2025]
Finished job 4.
3 of 18 steps (17%) done
Shutting down, this might take some time.
Exiting because a job execution failed. Look above for error message
Complete log: .snakemake/log/2025-03-26T225220.139926.snakemake.log
