The flag 'directory' used in rule all is only valid for outputs, not inputs.
Building DAG of jobs...
Using shell: /bin/bash
Provided cores: 4
Rules claiming more threads will be scaled down.
Job stats:
job               count
--------------  -------
align_reads           5
all                   1
count_features        6
total                12

Select jobs to execute...

[Mon Mar 31 12:43:06 2025]
rule align_reads:
    input: results/trimmed/Control3.fastq.gz
    output: results/STAR/Control3_Aligned.sortedByCoord.out.bam
    jobid: 13
    reason: Missing output files: results/STAR/Control3_Aligned.sortedByCoord.out.bam
    wildcards: sample=Control3
    resources: tmpdir=/var/folders/_b/1v1j8kq531344z5ds828zm6c0000gn/T


[Mon Mar 31 12:43:07 2025]
rule align_reads:
    input: results/trimmed/Tumor1.fastq.gz
    output: results/STAR/Tumor1_Aligned.sortedByCoord.out.bam
    jobid: 8
    reason: Missing output files: results/STAR/Tumor1_Aligned.sortedByCoord.out.bam
    wildcards: sample=Tumor1
    resources: tmpdir=/var/folders/_b/1v1j8kq531344z5ds828zm6c0000gn/T


[Mon Mar 31 12:43:07 2025]
rule align_reads:
    input: results/trimmed/Tumor3.fastq.gz
    output: results/STAR/Tumor3_Aligned.sortedByCoord.out.bam
    jobid: 10
    reason: Missing output files: results/STAR/Tumor3_Aligned.sortedByCoord.out.bam
    wildcards: sample=Tumor3
    resources: tmpdir=/var/folders/_b/1v1j8kq531344z5ds828zm6c0000gn/T


[Mon Mar 31 12:43:07 2025]
rule align_reads:
    input: results/trimmed/Control1.fastq.gz
    output: results/STAR/Control1_Aligned.sortedByCoord.out.bam
    jobid: 11
    reason: Missing output files: results/STAR/Control1_Aligned.sortedByCoord.out.bam
    wildcards: sample=Control1
    resources: tmpdir=/var/folders/_b/1v1j8kq531344z5ds828zm6c0000gn/T

[Mon Mar 31 12:43:07 2025]
[Mon Mar 31 12:43:07 2025]
[Mon Mar 31 12:43:07 2025]
[Mon Mar 31 12:43:07 2025]
Error in rule align_reads:
    jobid: 11
    input: results/trimmed/Control1.fastq.gz
    output: results/STAR/Control1_Aligned.sortedByCoord.out.bam
    shell:
        
        STAR --runThreadN 2         --genomeDir STAR/index         --readFilesIn results/trimmed/Control1.fastq.gz         --outFileNamePrefix results/STAR/Control1_         --outSAMtype BAM SortedByCoordinate
        
        (one of the commands exited with non-zero exit code; note that snakemake uses bash strict mode!)

Error in rule align_reads:
    jobid: 8
    input: results/trimmed/Tumor1.fastq.gz
    output: results/STAR/Tumor1_Aligned.sortedByCoord.out.bam
    shell:
        
        STAR --runThreadN 2         --genomeDir STAR/index         --readFilesIn results/trimmed/Tumor1.fastq.gz         --outFileNamePrefix results/STAR/Tumor1_         --outSAMtype BAM SortedByCoordinate
        
        (one of the commands exited with non-zero exit code; note that snakemake uses bash strict mode!)

Error in rule align_reads:
    jobid: 13
    input: results/trimmed/Control3.fastq.gz
    output: results/STAR/Control3_Aligned.sortedByCoord.out.bam
    shell:
        
        STAR --runThreadN 2         --genomeDir STAR/index         --readFilesIn results/trimmed/Control3.fastq.gz         --outFileNamePrefix results/STAR/Control3_         --outSAMtype BAM SortedByCoordinate
        
        (one of the commands exited with non-zero exit code; note that snakemake uses bash strict mode!)

Error in rule align_reads:
    jobid: 10
    input: results/trimmed/Tumor3.fastq.gz
    output: results/STAR/Tumor3_Aligned.sortedByCoord.out.bam
    shell:
        
        STAR --runThreadN 2         --genomeDir STAR/index         --readFilesIn results/trimmed/Tumor3.fastq.gz         --outFileNamePrefix results/STAR/Tumor3_         --outSAMtype BAM SortedByCoordinate
        
        (one of the commands exited with non-zero exit code; note that snakemake uses bash strict mode!)

Removing output files of failed job align_reads since they might be corrupted:
results/STAR/Control1_Aligned.sortedByCoord.out.bam
Removing output files of failed job align_reads since they might be corrupted:
results/STAR/Tumor1_Aligned.sortedByCoord.out.bam
Removing output files of failed job align_reads since they might be corrupted:
results/STAR/Control3_Aligned.sortedByCoord.out.bam
Removing output files of failed job align_reads since they might be corrupted:
results/STAR/Tumor3_Aligned.sortedByCoord.out.bam
Shutting down, this might take some time.
Exiting because a job execution failed. Look above for error message
Complete log: .snakemake/log/2025-03-31T124305.606929.snakemake.log
