The flag 'directory' used in rule all is only valid for outputs, not inputs.
Building DAG of jobs...
Using shell: /bin/bash
Provided cores: 8
Rules claiming more threads will be scaled down.
Job stats:
job                  count
-----------------  -------
align_reads              6
all                      1
count_features           6
star_genome_index        1
total                   14

Select jobs to execute...

[Thu Mar 27 13:26:32 2025]
rule align_reads:
    input: results/trimmed/Tumor1.fastq
    output: results/STAR/Tumor1_Aligned.sortedByCoord.out.bam
    jobid: 8
    reason: Missing output files: results/STAR/Tumor1_Aligned.sortedByCoord.out.bam
    wildcards: sample=Tumor1
    resources: tmpdir=/var/folders/_b/1v1j8kq531344z5ds828zm6c0000gn/T


[Thu Mar 27 13:26:32 2025]
rule align_reads:
    input: results/trimmed/Tumor3.fastq
    output: results/STAR/Tumor3_Aligned.sortedByCoord.out.bam
    jobid: 10
    reason: Missing output files: results/STAR/Tumor3_Aligned.sortedByCoord.out.bam
    wildcards: sample=Tumor3
    resources: tmpdir=/var/folders/_b/1v1j8kq531344z5ds828zm6c0000gn/T


[Thu Mar 27 13:26:32 2025]
rule align_reads:
    input: results/trimmed/Control2.fastq
    output: results/STAR/Control2_Aligned.sortedByCoord.out.bam
    jobid: 12
    reason: Missing output files: results/STAR/Control2_Aligned.sortedByCoord.out.bam
    wildcards: sample=Control2
    resources: tmpdir=/var/folders/_b/1v1j8kq531344z5ds828zm6c0000gn/T


[Thu Mar 27 13:26:32 2025]
rule star_genome_index:
    input: /Users/jasmu/tumor_mirna/references/genome/GRCh38.primary_assembly.genome.fa, /Users/jasmu/tumor_mirna/references/annotations/hsa.gtf
    output: results/STAR/index
    jobid: 7
    reason: Missing output files: results/STAR/index
    resources: tmpdir=/var/folders/_b/1v1j8kq531344z5ds828zm6c0000gn/T


[Thu Mar 27 13:26:32 2025]
rule align_reads:
    input: results/trimmed/Tumor2.fastq
    output: results/STAR/Tumor2_Aligned.sortedByCoord.out.bam
    jobid: 9
    reason: Missing output files: results/STAR/Tumor2_Aligned.sortedByCoord.out.bam
    wildcards: sample=Tumor2
    resources: tmpdir=/var/folders/_b/1v1j8kq531344z5ds828zm6c0000gn/T


[Thu Mar 27 13:26:32 2025]
rule align_reads:
    input: results/trimmed/Control1.fastq
    output: results/STAR/Control1_Aligned.sortedByCoord.out.bam
    jobid: 11
    reason: Missing output files: results/STAR/Control1_Aligned.sortedByCoord.out.bam
    wildcards: sample=Control1
    resources: tmpdir=/var/folders/_b/1v1j8kq531344z5ds828zm6c0000gn/T


[Thu Mar 27 13:26:32 2025]
rule align_reads:
    input: results/trimmed/Control3.fastq
    output: results/STAR/Control3_Aligned.sortedByCoord.out.bam
    jobid: 13
    reason: Missing output files: results/STAR/Control3_Aligned.sortedByCoord.out.bam
    wildcards: sample=Control3
    resources: tmpdir=/var/folders/_b/1v1j8kq531344z5ds828zm6c0000gn/T

[Thu Mar 27 13:26:32 2025]
[Thu Mar 27 13:26:32 2025]
Error in rule align_reads:
    jobid: 10
    input: results/trimmed/Tumor3.fastq
    output: results/STAR/Tumor3_Aligned.sortedByCoord.out.bam
    shell:
        STAR --runThreadN 8 --genomeDir results/STAR/index --readFilesIn results/trimmed/Tumor3.fastq --outFileNamePrefix results/STAR/Tumor3_ --outSAMtype BAM SortedByCoordinate
        (one of the commands exited with non-zero exit code; note that snakemake uses bash strict mode!)

Error in rule align_reads:
    jobid: 12
    input: results/trimmed/Control2.fastq
    output: results/STAR/Control2_Aligned.sortedByCoord.out.bam
    shell:
        STAR --runThreadN 8 --genomeDir results/STAR/index --readFilesIn results/trimmed/Control2.fastq --outFileNamePrefix results/STAR/Control2_ --outSAMtype BAM SortedByCoordinate
        (one of the commands exited with non-zero exit code; note that snakemake uses bash strict mode!)

Removing output files of failed job align_reads since they might be corrupted:
results/STAR/Tumor3_Aligned.sortedByCoord.out.bam
[Thu Mar 27 13:26:32 2025]
Error in rule align_reads:
    jobid: 8
    input: results/trimmed/Tumor1.fastq
    output: results/STAR/Tumor1_Aligned.sortedByCoord.out.bam
    shell:
        STAR --runThreadN 8 --genomeDir results/STAR/index --readFilesIn results/trimmed/Tumor1.fastq --outFileNamePrefix results/STAR/Tumor1_ --outSAMtype BAM SortedByCoordinate
        (one of the commands exited with non-zero exit code; note that snakemake uses bash strict mode!)

Removing output files of failed job align_reads since they might be corrupted:
results/STAR/Control2_Aligned.sortedByCoord.out.bam
[Thu Mar 27 13:26:32 2025]
Removing output files of failed job align_reads since they might be corrupted:
results/STAR/Tumor1_Aligned.sortedByCoord.out.bam
Error in rule align_reads:
    jobid: 9
    input: results/trimmed/Tumor2.fastq
    output: results/STAR/Tumor2_Aligned.sortedByCoord.out.bam
    shell:
        STAR --runThreadN 8 --genomeDir results/STAR/index --readFilesIn results/trimmed/Tumor2.fastq --outFileNamePrefix results/STAR/Tumor2_ --outSAMtype BAM SortedByCoordinate
        (one of the commands exited with non-zero exit code; note that snakemake uses bash strict mode!)

Removing output files of failed job align_reads since they might be corrupted:
results/STAR/Tumor2_Aligned.sortedByCoord.out.bam
[Thu Mar 27 13:26:32 2025]
Error in rule align_reads:
    jobid: 11
    input: results/trimmed/Control1.fastq
    output: results/STAR/Control1_Aligned.sortedByCoord.out.bam
    shell:
        STAR --runThreadN 8 --genomeDir results/STAR/index --readFilesIn results/trimmed/Control1.fastq --outFileNamePrefix results/STAR/Control1_ --outSAMtype BAM SortedByCoordinate
        (one of the commands exited with non-zero exit code; note that snakemake uses bash strict mode!)

Removing output files of failed job align_reads since they might be corrupted:
results/STAR/Control1_Aligned.sortedByCoord.out.bam
[Thu Mar 27 13:26:32 2025]
Error in rule align_reads:
    jobid: 13
    input: results/trimmed/Control3.fastq
    output: results/STAR/Control3_Aligned.sortedByCoord.out.bam
    shell:
        STAR --runThreadN 8 --genomeDir results/STAR/index --readFilesIn results/trimmed/Control3.fastq --outFileNamePrefix results/STAR/Control3_ --outSAMtype BAM SortedByCoordinate
        (one of the commands exited with non-zero exit code; note that snakemake uses bash strict mode!)

Removing output files of failed job align_reads since they might be corrupted:
results/STAR/Control3_Aligned.sortedByCoord.out.bam
[Fri Mar 28 00:55:14 2025]
Finished job 7.
1 of 14 steps (7%) done
Shutting down, this might take some time.
Exiting because a job execution failed. Look above for error message
Complete log: .snakemake/log/2025-03-27T132631.989241.snakemake.log
