The flag 'directory' used in rule all is only valid for outputs, not inputs.
Building DAG of jobs...
Using shell: /bin/bash
Provided cores: 8
Rules claiming more threads will be scaled down.
Job stats:
job                  count
-----------------  -------
align_reads              6
all                      1
count_features           6
star_genome_index        1
trim_adapters            5
total                   19

Select jobs to execute...

[Wed Mar 26 22:29:42 2025]
rule trim_adapters:
    output: results/trimmed/Tumor2.fastq
    jobid: 2
    reason: Missing output files: results/trimmed/Tumor2.fastq
    wildcards: sample=Tumor2
    threads: 4
    resources: tmpdir=/var/folders/_b/1v1j8kq531344z5ds828zm6c0000gn/T


[Wed Mar 26 22:29:42 2025]
rule trim_adapters:
    output: results/trimmed/Control1.fastq
    jobid: 4
    reason: Missing output files: results/trimmed/Control1.fastq
    wildcards: sample=Control1
    threads: 4
    resources: tmpdir=/var/folders/_b/1v1j8kq531344z5ds828zm6c0000gn/T

[Wed Mar 26 22:29:42 2025]
[Wed Mar 26 22:29:42 2025]
Error in rule trim_adapters:
    jobid: 4
    output: results/trimmed/Control1.fastq
    shell:
        cutadapt -j 4 -m 20 --quality-cutoff 20 -o results/trimmed/Control1.fastq 
        (one of the commands exited with non-zero exit code; note that snakemake uses bash strict mode!)

Error in rule trim_adapters:
    jobid: 2
    output: results/trimmed/Tumor2.fastq
    shell:
        cutadapt -j 4 -m 20 --quality-cutoff 20 -o results/trimmed/Tumor2.fastq 
        (one of the commands exited with non-zero exit code; note that snakemake uses bash strict mode!)

Shutting down, this might take some time.
Exiting because a job execution failed. Look above for error message
Complete log: .snakemake/log/2025-03-26T222942.314419.snakemake.log
