The flag 'directory' used in rule all is only valid for outputs, not inputs.
Building DAG of jobs...
Using shell: /bin/bash
Provided cores: 8
Rules claiming more threads will be scaled down.
Job stats:
job                  count
-----------------  -------
align_reads              6
all                      1
count_features           6
star_genome_index        1
trim_adapters            1
total                   15

Select jobs to execute...

[Thu Mar 27 11:50:50 2025]
rule trim_adapters:
    input: data/raw_fastq/Control2.fastq
    output: results/trimmed/Control2.fastq
    jobid: 5
    reason: Forced execution
    wildcards: sample=Control2
    resources: tmpdir=/var/folders/_b/1v1j8kq531344z5ds828zm6c0000gn/T


[Thu Mar 27 11:50:50 2025]
rule star_genome_index:
    input: /Users/jasmu/tumor_mirna/references/genome/GRCh38.primary_assembly.genome.fa, /Users/jasmu/tumor_mirna/references/annotations/hsa.gtf
    output: results/STAR/index
    jobid: 7
    reason: Missing output files: results/STAR/index
    resources: tmpdir=/var/folders/_b/1v1j8kq531344z5ds828zm6c0000gn/T

RuleException in rule star_genome_index in file /Users/jasmu/tumor_mirna/Snakefile, line 11:
AttributeError: 'Params' object has no attribute 'extra', when formatting the following:

        mkdir -p {output}
        STAR --runThreadN {threads} --runMode genomeGenerate --genomeDir {output} --genomeFastaFiles {input.reference} --sjdbGTFfile {input.gtf} {params.extra}
        
