Building DAG of jobs...
Using shell: /bin/bash
Provided cores: 4
Rules claiming more threads will be scaled down.
Job stats:
job              count
-------------  -------
align_bowtie2        1
total                1

Select jobs to execute...

[Thu Apr  3 22:29:41 2025]
rule align_bowtie2:
    input: results/trimmed/Tumor1.fastq.gz, results/results/references/genome/bowtie2_index/genome.1.bt2, results/results/references/genome/bowtie2_index/genome.2.bt2, results/results/references/genome/bowtie2_index/genome.3.bt2, results/results/references/genome/bowtie2_index/genome.4.bt2, results/results/references/genome/bowtie2_index/genome.rev.1.bt2, results/results/references/genome/bowtie2_index/genome.rev.2.bt2
    output: results/Bowtie2/Tumor1_Aligned.sortedByCoord.out.bam
    jobid: 0
    reason: Forced execution
    wildcards: sample=Tumor1
    resources: tmpdir=/var/folders/_b/1v1j8kq531344z5ds828zm6c0000gn/T


        # Align reads with Bowtie2
        bowtie2 -x results/results/references/genome/bowtie2_index/genome                 -U results/trimmed/Tumor1.fastq.gz                 -S results/Bowtie2/Tumor1.sam

        # Convert SAM to BAM
        samtools view -bS results/Bowtie2/Tumor1.sam > results/Bowtie2/Tumor1_Aligned.sortedByCoord.out.bam

        # Sort the BAM file (optional)
        samtools sort results/Bowtie2/Tumor1_Aligned.sortedByCoord.out.bam -o results/Bowtie2/Tumor1_Aligned.sortedByCoord.out.bam

        # Move the sorted BAM file to the desired output location
        mv results/Bowtie2/Tumor1_Aligned.sortedByCoord.out.bam.sorted results/Bowtie2/Tumor1_Aligned.sortedByCoord.out.bam

        # Clean up the temporary SAM file
        rm results/Bowtie2/Tumor1.sam results/Bowtie2/Tumor1.bam
        
[Sun Apr  6 00:43:30 2025]
Error in rule align_bowtie2:
    jobid: 0
    input: results/trimmed/Tumor1.fastq.gz, results/results/references/genome/bowtie2_index/genome.1.bt2, results/results/references/genome/bowtie2_index/genome.2.bt2, results/results/references/genome/bowtie2_index/genome.3.bt2, results/results/references/genome/bowtie2_index/genome.4.bt2, results/results/references/genome/bowtie2_index/genome.rev.1.bt2, results/results/references/genome/bowtie2_index/genome.rev.2.bt2
    output: results/Bowtie2/Tumor1_Aligned.sortedByCoord.out.bam
    shell:
        
        # Align reads with Bowtie2
        bowtie2 -x results/results/references/genome/bowtie2_index/genome                 -U results/trimmed/Tumor1.fastq.gz                 -S results/Bowtie2/Tumor1.sam

        # Convert SAM to BAM
        samtools view -bS results/Bowtie2/Tumor1.sam > results/Bowtie2/Tumor1_Aligned.sortedByCoord.out.bam

        # Sort the BAM file (optional)
        samtools sort results/Bowtie2/Tumor1_Aligned.sortedByCoord.out.bam -o results/Bowtie2/Tumor1_Aligned.sortedByCoord.out.bam

        # Move the sorted BAM file to the desired output location
        mv results/Bowtie2/Tumor1_Aligned.sortedByCoord.out.bam.sorted results/Bowtie2/Tumor1_Aligned.sortedByCoord.out.bam

        # Clean up the temporary SAM file
        rm results/Bowtie2/Tumor1.sam results/Bowtie2/Tumor1.bam
        
        (one of the commands exited with non-zero exit code; note that snakemake uses bash strict mode!)

Removing output files of failed job align_bowtie2 since they might be corrupted:
results/Bowtie2/Tumor1_Aligned.sortedByCoord.out.bam
Shutting down, this might take some time.
Exiting because a job execution failed. Look above for error message
Complete log: .snakemake/log/2025-04-03T222941.577694.snakemake.log
