The flag 'directory' used in rule all is only valid for outputs, not inputs.
Building DAG of jobs...
Using shell: /bin/bash
Provided cores: 4
Rules claiming more threads will be scaled down.
Job stats:
job                  count
-----------------  -------
align_reads              6
all                      1
count_features           6
star_genome_index        1
trim_adapters            6
total                   20

Select jobs to execute...

[Sat Mar 29 00:28:32 2025]
rule trim_adapters:
    input: data/raw_fastq/Control2.fastq.gz
    output: results/trimmed/Control2.fastq.gz
    jobid: 5
    reason: Missing output files: results/trimmed/Control2.fastq.gz
    wildcards: sample=Control2
    resources: tmpdir=/var/folders/_b/1v1j8kq531344z5ds828zm6c0000gn/T


[Sat Mar 29 00:28:32 2025]
rule star_genome_index:
    input: /Users/jasmu/tumor_mirna/references/genome/GRCh38.primary_assembly.genome.fa, /Users/jasmu/tumor_mirna/references/annotations/hsa.gtf
    output: results/STAR/index
    jobid: 7
    reason: Missing output files: results/STAR/index
    resources: tmpdir=/var/folders/_b/1v1j8kq531344z5ds828zm6c0000gn/T


[Sat Mar 29 00:28:32 2025]
rule trim_adapters:
    input: data/raw_fastq/Tumor1.fastq.gz
    output: results/trimmed/Tumor1.fastq.gz
    jobid: 1
    reason: Missing output files: results/trimmed/Tumor1.fastq.gz
    wildcards: sample=Tumor1
    resources: tmpdir=/var/folders/_b/1v1j8kq531344z5ds828zm6c0000gn/T


[Sat Mar 29 00:28:32 2025]
rule trim_adapters:
    input: data/raw_fastq/Tumor3.fastq.gz
    output: results/trimmed/Tumor3.fastq.gz
    jobid: 3
    reason: Missing output files: results/trimmed/Tumor3.fastq.gz
    wildcards: sample=Tumor3
    resources: tmpdir=/var/folders/_b/1v1j8kq531344z5ds828zm6c0000gn/T

[Sat Mar 29 00:29:16 2025]
Finished job 3.
1 of 20 steps (5%) done
Select jobs to execute...

[Sat Mar 29 00:29:16 2025]
rule trim_adapters:
    input: data/raw_fastq/Control1.fastq.gz
    output: results/trimmed/Control1.fastq.gz
    jobid: 4
    reason: Missing output files: results/trimmed/Control1.fastq.gz
    wildcards: sample=Control1
    resources: tmpdir=/var/folders/_b/1v1j8kq531344z5ds828zm6c0000gn/T

[Sat Mar 29 00:29:18 2025]
Finished job 5.
2 of 20 steps (10%) done
Select jobs to execute...

[Sat Mar 29 00:29:18 2025]
rule align_reads:
    input: results/trimmed/Control2.fastq.gz
    output: results/STAR/Control2_Aligned.sortedByCoord.out.bam
    jobid: 12
    reason: Missing output files: results/STAR/Control2_Aligned.sortedByCoord.out.bam; Input files updated by another job: results/trimmed/Control2.fastq.gz
    wildcards: sample=Control2
    resources: tmpdir=/var/folders/_b/1v1j8kq531344z5ds828zm6c0000gn/T

[Sat Mar 29 00:29:18 2025]
Error in rule align_reads:
    jobid: 12
    input: results/trimmed/Control2.fastq.gz
    output: results/STAR/Control2_Aligned.sortedByCoord.out.bam
    shell:
        
        STAR --runThreadN 4         --genomeDir results/genome_index         --readFilesIn results/trimmed/Control2.fastq.gz         --outFileNamePrefix results/STAR/Control2_         --outSAMtype BAM SortedByCoordinate
        
        (one of the commands exited with non-zero exit code; note that snakemake uses bash strict mode!)

Removing output files of failed job align_reads since they might be corrupted:
results/STAR/Control2_Aligned.sortedByCoord.out.bam
[Sat Mar 29 00:29:23 2025]
Finished job 1.
3 of 20 steps (15%) done
[Sat Mar 29 00:30:00 2025]
Finished job 4.
4 of 20 steps (20%) done
Terminating processes on user request, this might take some time.
[Sat Mar 29 11:32:15 2025]
Error in rule star_genome_index:
    jobid: 7
    input: /Users/jasmu/tumor_mirna/references/genome/GRCh38.primary_assembly.genome.fa, /Users/jasmu/tumor_mirna/references/annotations/hsa.gtf
    output: results/STAR/index
    shell:
        
        mkdir -p results/STAR/index
        STAR --runThreadN 1 --runMode genomeGenerate --genomeDir results/STAR/index --genomeFastaFiles /Users/jasmu/tumor_mirna/references/genome/GRCh38.primary_assembly.genome.fa --sjdbGTFfile /Users/jasmu/tumor_mirna/references/annotations/hsa.gtf 
        
        (one of the commands exited with non-zero exit code; note that snakemake uses bash strict mode!)

Complete log: .snakemake/log/2025-03-29T002831.220899.snakemake.log
