Building DAG of jobs...
Using shell: /bin/bash
Provided cores: 4
Rules claiming more threads will be scaled down.
Job stats:
job              count
-------------  -------
index_bowtie2        1
total                1

Select jobs to execute...

[Mon Apr  7 00:46:36 2025]
rule index_bowtie2:
    input: /Users/jasmu/tumor_mirna/references/hsa.fa
    output: references/bowtie2_index/hsa.1.bt2, references/bowtie2_index/hsa.2.bt2, references/bowtie2_index/hsa.3.bt2, references/bowtie2_index/hsa.4.bt2, references/bowtie2_index/hsa.rev.1.bt2, references/bowtie2_index/hsa.rev.2.bt2
    jobid: 0
    reason: Missing output files: references/bowtie2_index/hsa.1.bt2, references/bowtie2_index/hsa.3.bt2, references/bowtie2_index/hsa.2.bt2, references/bowtie2_index/hsa.rev.1.bt2, references/bowtie2_index/hsa.4.bt2, references/bowtie2_index/hsa.rev.2.bt2
    resources: tmpdir=/var/folders/_b/1v1j8kq531344z5ds828zm6c0000gn/T

[Mon Apr  7 18:20:26 2025]
Finished job 0.
1 of 1 steps (100%) done
Complete log: .snakemake/log/2025-04-07T004636.607624.snakemake.log
